<?xml version="1.0" encoding="UTF-8"?>
<testsuite xmlns:xsi="http://www.w3.org/2001/XMLSchema-instance" xsi:noNamespaceSchemaLocation="https://maven.apache.org/surefire/maven-surefire-plugin/xsd/surefire-test-report-3.0.xsd" version="3.0" name="SpringBootDemo.first.FirstApplicationTests" time="5.066" tests="1" errors="0" skipped="0" failures="0">
  <properties>
[...]
</properties>
  <testcase name="contextLoads" classname="SpringBootDemo.first.FirstApplicationTests" time="1.172">
    <system-out><![CDATA[13:48:29.978 [main] INFO org.springframework.test.context.support.AnnotationConfigContextLoaderUtils -- Could not detect default configuration classes for test class [SpringBootDemo.first.FirstApplicationTests]: FirstApplicationTests does not declare any static, non-private, non-final, nested classes annotated with @Configuration.
13:48:30.134 [main] INFO org.springframework.boot.test.context.SpringBootTestContextBootstrapper -- Found @SpringBootConfiguration SpringBootDemo.first.FirstApplication for test class SpringBootDemo.first.FirstApplicationTests
13:48:30.322 [main] INFO org.springframework.boot.devtools.restart.RestartApplicationListener -- Restart disabled due to context in which it is running

  .   ____          _            __ _ _
 /\\ / ___'_ __ _ _(_)_ __  __ _ \ \ \ \
( ( )\___ | '_ | '_| | '_ \/ _` | \ \ \ \
 \\/  ___)| |_)| | | | | || (_| |  ) ) ) )
  '  |____| .__|_| |_|_| |_\__, | / / / /
 =========|_|==============|___/=/_/_/_/

 :: Spring Boot ::                (v3.3.4)

2024-10-02T13:48:30.709+05:30  INFO 21816 --- [first] [           main] S.first.FirstApplicationTests            : Starting FirstApplicationTests using Java 23 with PID 21816 (started by spran in C:\Users\spran\Desktop\Development\first\05-command-lline)
2024-10-02T13:48:30.709+05:30  INFO 21816 --- [first] [           main] S.first.FirstApplicationTests            : No active profile set, falling back to 1 default profile: "default"
2024-10-02T13:48:33.388+05:30  INFO 21816 --- [first] [           main] o.s.b.a.e.web.EndpointLinksResolver      : Exposing 14 endpoints beneath base path '/actuator'
2024-10-02T13:48:33.466+05:30  INFO 21816 --- [first] [           main] S.first.FirstApplicationTests            : Started FirstApplicationTests in 3.16 seconds (process running for 4.38)
]]></system-out>
    <system-err><![CDATA[WARNING: A Java agent has been loaded dynamically (C:\Users\spran\.m2\repository\net\bytebuddy\byte-buddy-agent\1.14.19\byte-buddy-agent-1.14.19.jar)
WARNING: If a serviceability tool is in use, please run with -XX:+EnableDynamicAgentLoading to hide this warning
WARNING: If a serviceability tool is not in use, please run with -Djdk.instrument.traceUsage for more information
WARNING: Dynamic loading of agents will be disallowed by default in a future release
]]></system-err>
  </testcase>
</testsuite>